<?xml version="1.0" encoding="UTF-8"?>
<testsuite name="com.acc.testcases.ControllerMockMVCTest" time="2.176" tests="9" errors="0" skipped="0" failures="0">
  <properties>
[...]
</properties>
  <testcase name="testAddUser" classname="com.acc.testcases.ControllerMockMVCTest" time="1.297"/>
  <testcase name="testLogin" classname="com.acc.testcases.ControllerMockMVCTest" time="0.161"/>
  <testcase name="testGetAllUsers" classname="com.acc.testcases.ControllerMockMVCTest" time="0.099"/>
  <testcase name="testUpdateUser" classname="com.acc.testcases.ControllerMockMVCTest" time="0.095"/>
  <testcase name="testCancelMeeting" classname="com.acc.testcases.ControllerMockMVCTest" time="0.043"/>
  <testcase name="testDeleteUser" classname="com.acc.testcases.ControllerMockMVCTest" time="0.084"/>
  <testcase name="testUpdateMeeting" classname="com.acc.testcases.ControllerMockMVCTest" time="0.079"/>
  <testcase name="testGetPincodeById" classname="com.acc.testcases.ControllerMockMVCTest" time="0.058"/>
  <testcase name="testAddMeeting" classname="com.acc.testcases.ControllerMockMVCTest" time="0.26"/>
</testsuite>