<?xml version="1.0" encoding="UTF-8"?>
<testsuite name="com.acc.testcases.ControllerMockMVCTest" time="0" tests="9" errors="0" skipped="9" failures="0">
  <properties>
[...]
</properties>
  <testcase name="testAddUser" classname="com.acc.testcases.ControllerMockMVCTest" time="0">
    <skipped/>
    <system-out><![CDATA[18:23:59.252 [main] DEBUG org.springframework.test.context.junit4.SpringJUnit4ClassRunner - SpringJUnit4ClassRunner constructor called with [class com.acc.testcases.ControllerMockMVCTest]
18:23:59.289 [main] DEBUG org.springframework.test.context.BootstrapUtils - Instantiating CacheAwareContextLoaderDelegate from class [org.springframework.test.context.cache.DefaultCacheAwareContextLoaderDelegate]
18:23:59.320 [main] DEBUG org.springframework.test.context.BootstrapUtils - Instantiating BootstrapContext using constructor [public org.springframework.test.context.support.DefaultBootstrapContext(java.lang.Class,org.springframework.test.context.CacheAwareContextLoaderDelegate)]
18:23:59.359 [main] DEBUG org.springframework.test.context.BootstrapUtils - Instantiating TestContextBootstrapper for test class [com.acc.testcases.ControllerMockMVCTest] from class [org.springframework.boot.test.context.SpringBootTestContextBootstrapper]
18:23:59.385 [main] INFO org.springframework.boot.test.context.SpringBootTestContextBootstrapper - Neither @ContextConfiguration nor @ContextHierarchy found for test class [com.acc.testcases.ControllerMockMVCTest], using SpringBootContextLoader
18:23:59.385 [main] DEBUG org.springframework.test.context.support.AbstractContextLoader - Did not detect default resource location for test class [com.acc.testcases.ControllerMockMVCTest]: class path resource [com/acc/testcases/ControllerMockMVCTest-context.xml] does not exist
18:23:59.385 [main] DEBUG org.springframework.test.context.support.AbstractContextLoader - Did not detect default resource location for test class [com.acc.testcases.ControllerMockMVCTest]: class path resource [com/acc/testcases/ControllerMockMVCTestContext.groovy] does not exist
18:23:59.385 [main] INFO org.springframework.test.context.support.AbstractContextLoader - Could not detect default resource locations for test class [com.acc.testcases.ControllerMockMVCTest]: no resource found for suffixes {-context.xml, Context.groovy}.
18:23:59.458 [main] DEBUG org.springframework.test.context.support.ActiveProfilesUtils - Could not find an 'annotation declaring class' for annotation type [org.springframework.test.context.ActiveProfiles] and class [com.acc.testcases.ControllerMockMVCTest]
18:23:59.486 [main] DEBUG org.springframework.boot.test.context.SpringBootTestContextBootstrapper - @TestExecutionListeners is not present for class [com.acc.testcases.ControllerMockMVCTest]: using defaults.
18:23:59.486 [main] INFO org.springframework.boot.test.context.SpringBootTestContextBootstrapper - Loaded default TestExecutionListener class names from location [META-INF/spring.factories]: [org.springframework.boot.test.mock.mockito.MockitoTestExecutionListener, org.springframework.boot.test.mock.mockito.ResetMocksTestExecutionListener, org.springframework.boot.test.autoconfigure.restdocs.RestDocsTestExecutionListener, org.springframework.boot.test.autoconfigure.web.client.MockRestServiceServerResetTestExecutionListener, org.springframework.boot.test.autoconfigure.web.servlet.MockMvcPrintOnlyOnFailureTestExecutionListener, org.springframework.boot.test.autoconfigure.web.servlet.WebDriverTestExecutionListener, org.springframework.test.context.web.ServletTestExecutionListener, org.springframework.test.context.support.DirtiesContextBeforeModesTestExecutionListener, org.springframework.test.context.support.DependencyInjectionTestExecutionListener, org.springframework.test.context.support.DirtiesContextTestExecutionListener, org.springframework.test.context.transaction.TransactionalTestExecutionListener, org.springframework.test.context.jdbc.SqlScriptsTestExecutionListener]
18:23:59.518 [main] INFO org.springframework.boot.test.context.SpringBootTestContextBootstrapper - Using TestExecutionListeners: [org.springframework.test.context.web.ServletTestExecutionListener@1de5c8c, org.springframework.test.context.support.DirtiesContextBeforeModesTestExecutionListener@123a213, org.springframework.boot.test.autoconfigure.SpringBootDependencyInjectionTestExecutionListener@525845, org.springframework.test.context.support.DirtiesContextTestExecutionListener@194d659, org.springframework.test.context.transaction.TransactionalTestExecutionListener@b1d79b, org.springframework.test.context.jdbc.SqlScriptsTestExecutionListener@ceda24, org.springframework.boot.test.autoconfigure.web.client.MockRestServiceServerResetTestExecutionListener@1e3708, org.springframework.boot.test.mock.mockito.MockitoTestExecutionListener@1a50a4c, org.springframework.boot.test.autoconfigure.restdocs.RestDocsTestExecutionListener@1021e6c, org.springframework.boot.test.autoconfigure.web.servlet.WebDriverTestExecutionListener@103f852, org.springframework.boot.test.autoconfigure.web.servlet.MockMvcPrintOnlyOnFailureTestExecutionListener@7c290d, org.springframework.boot.test.mock.mockito.ResetMocksTestExecutionListener@116af24]
18:23:59.521 [main] DEBUG org.springframework.test.annotation.ProfileValueUtils - Retrieved @ProfileValueSourceConfiguration [null] for test class [com.acc.testcases.ControllerMockMVCTest]
18:23:59.522 [main] DEBUG org.springframework.test.annotation.ProfileValueUtils - Retrieved ProfileValueSource type [class org.springframework.test.annotation.SystemProfileValueSource] for class [com.acc.testcases.ControllerMockMVCTest]
18:23:59.526 [main] DEBUG org.springframework.test.context.junit4.SpringJUnit4ClassRunner - SpringJUnit4ClassRunner constructor called with [class com.acc.testcases.ControllerMockMVCTest]
18:23:59.527 [main] DEBUG org.springframework.test.context.BootstrapUtils - Instantiating CacheAwareContextLoaderDelegate from class [org.springframework.test.context.cache.DefaultCacheAwareContextLoaderDelegate]
18:23:59.527 [main] DEBUG org.springframework.test.context.BootstrapUtils - Instantiating BootstrapContext using constructor [public org.springframework.test.context.support.DefaultBootstrapContext(java.lang.Class,org.springframework.test.context.CacheAwareContextLoaderDelegate)]
18:23:59.527 [main] DEBUG org.springframework.test.context.BootstrapUtils - Instantiating TestContextBootstrapper for test class [com.acc.testcases.ControllerMockMVCTest] from class [org.springframework.boot.test.context.SpringBootTestContextBootstrapper]
18:23:59.528 [main] INFO org.springframework.boot.test.context.SpringBootTestContextBootstrapper - Neither @ContextConfiguration nor @ContextHierarchy found for test class [com.acc.testcases.ControllerMockMVCTest], using SpringBootContextLoader
18:23:59.529 [main] DEBUG org.springframework.test.context.support.AbstractContextLoader - Did not detect default resource location for test class [com.acc.testcases.ControllerMockMVCTest]: class path resource [com/acc/testcases/ControllerMockMVCTest-context.xml] does not exist
18:23:59.529 [main] DEBUG org.springframework.test.context.support.AbstractContextLoader - Did not detect default resource location for test class [com.acc.testcases.ControllerMockMVCTest]: class path resource [com/acc/testcases/ControllerMockMVCTestContext.groovy] does not exist
18:23:59.529 [main] INFO org.springframework.test.context.support.AbstractContextLoader - Could not detect default resource locations for test class [com.acc.testcases.ControllerMockMVCTest]: no resource found for suffixes {-context.xml, Context.groovy}.
18:23:59.533 [main] DEBUG org.springframework.test.context.support.ActiveProfilesUtils - Could not find an 'annotation declaring class' for annotation type [org.springframework.test.context.ActiveProfiles] and class [com.acc.testcases.ControllerMockMVCTest]
18:23:59.533 [main] DEBUG org.springframework.boot.test.context.SpringBootTestContextBootstrapper - @TestExecutionListeners is not present for class [com.acc.testcases.ControllerMockMVCTest]: using defaults.
18:23:59.533 [main] INFO org.springframework.boot.test.context.SpringBootTestContextBootstrapper - Loaded default TestExecutionListener class names from location [META-INF/spring.factories]: [org.springframework.boot.test.mock.mockito.MockitoTestExecutionListener, org.springframework.boot.test.mock.mockito.ResetMocksTestExecutionListener, org.springframework.boot.test.autoconfigure.restdocs.RestDocsTestExecutionListener, org.springframework.boot.test.autoconfigure.web.client.MockRestServiceServerResetTestExecutionListener, org.springframework.boot.test.autoconfigure.web.servlet.MockMvcPrintOnlyOnFailureTestExecutionListener, org.springframework.boot.test.autoconfigure.web.servlet.WebDriverTestExecutionListener, org.springframework.test.context.web.ServletTestExecutionListener, org.springframework.test.context.support.DirtiesContextBeforeModesTestExecutionListener, org.springframework.test.context.support.DependencyInjectionTestExecutionListener, org.springframework.test.context.support.DirtiesContextTestExecutionListener, org.springframework.test.context.transaction.TransactionalTestExecutionListener, org.springframework.test.context.jdbc.SqlScriptsTestExecutionListener]
18:23:59.533 [main] INFO org.springframework.boot.test.context.SpringBootTestContextBootstrapper - Using TestExecutionListeners: [org.springframework.test.context.web.ServletTestExecutionListener@dd8682, org.springframework.test.context.support.DirtiesContextBeforeModesTestExecutionListener@16da883, org.springframework.boot.test.autoconfigure.SpringBootDependencyInjectionTestExecutionListener@1afc369, org.springframework.test.context.support.DirtiesContextTestExecutionListener@19d4f69, org.springframework.test.context.transaction.TransactionalTestExecutionListener@1c43f4e, org.springframework.test.context.jdbc.SqlScriptsTestExecutionListener@10dbf45, org.springframework.boot.test.autoconfigure.web.client.MockRestServiceServerResetTestExecutionListener@28586, org.springframework.boot.test.mock.mockito.MockitoTestExecutionListener@17776a8, org.springframework.boot.test.autoconfigure.restdocs.RestDocsTestExecutionListener@1a10787, org.springframework.boot.test.autoconfigure.web.servlet.WebDriverTestExecutionListener@1127a61, org.springframework.boot.test.autoconfigure.web.servlet.MockMvcPrintOnlyOnFailureTestExecutionListener@1baf4f0, org.springframework.boot.test.mock.mockito.ResetMocksTestExecutionListener@1c20519]
18:23:59.533 [main] DEBUG org.springframework.test.annotation.ProfileValueUtils - Retrieved @ProfileValueSourceConfiguration [null] for test class [com.acc.testcases.ControllerMockMVCTest]
18:23:59.533 [main] DEBUG org.springframework.test.annotation.ProfileValueUtils - Retrieved ProfileValueSource type [class org.springframework.test.annotation.SystemProfileValueSource] for class [com.acc.testcases.ControllerMockMVCTest]
18:23:59.533 [main] DEBUG org.springframework.test.annotation.ProfileValueUtils - Retrieved @ProfileValueSourceConfiguration [null] for test class [com.acc.testcases.ControllerMockMVCTest]
18:23:59.533 [main] DEBUG org.springframework.test.annotation.ProfileValueUtils - Retrieved ProfileValueSource type [class org.springframework.test.annotation.SystemProfileValueSource] for class [com.acc.testcases.ControllerMockMVCTest]
]]></system-out>
  </testcase>
  <testcase name="testLogin" classname="com.acc.testcases.ControllerMockMVCTest" time="0">
    <skipped/>
  </testcase>
  <testcase name="testGetAllUsers" classname="com.acc.testcases.ControllerMockMVCTest" time="0">
    <skipped/>
  </testcase>
  <testcase name="testUpdateUser" classname="com.acc.testcases.ControllerMockMVCTest" time="0">
    <skipped/>
  </testcase>
  <testcase name="testCancelMeeting" classname="com.acc.testcases.ControllerMockMVCTest" time="0">
    <skipped/>
  </testcase>
  <testcase name="testDeleteUser" classname="com.acc.testcases.ControllerMockMVCTest" time="0">
    <skipped/>
  </testcase>
  <testcase name="testUpdateMeeting" classname="com.acc.testcases.ControllerMockMVCTest" time="0">
    <skipped/>
  </testcase>
  <testcase name="testGetPincodeById" classname="com.acc.testcases.ControllerMockMVCTest" time="0">
    <skipped/>
  </testcase>
  <testcase name="testAddMeeting" classname="com.acc.testcases.ControllerMockMVCTest" time="0">
    <skipped/>
  </testcase>
</testsuite>